\BOOKMARK [0][-]{bm:Title.0}{Title Page}{}% 1
\BOOKMARK [0][-]{bm:Title.0}{Title Page}{}% 2
\BOOKMARK [0][-]{bm:Accept.0}{Certificate Page}{}% 3
\BOOKMARK [0][-]{bm:Declaration.0}{Declaration}{}% 4
\BOOKMARK [0][-]{bm:Acknowledge.0}{Acknowledgments}{}% 5
\BOOKMARK [0][-]{bm:Abstract.0}{Abstract}{}% 6
\BOOKMARK [0][-]{section*.3}{Table of Contents}{}% 7
\BOOKMARK [0][-]{section*.5}{List of Figures}{}% 8
\BOOKMARK [0][-]{section*.7}{List of Tables}{}% 9
\BOOKMARK [0][-]{chapter.1}{1 Introduction}{}% 10
\BOOKMARK [1][-]{section.1.1}{1.1 Motivation}{chapter.1}% 11
\BOOKMARK [2][-]{subsection.1.1.1}{1.1.1 first contribution}{section.1.1}% 12
\BOOKMARK [2][-]{subsection.1.1.2}{1.1.2 second contribution}{section.1.1}% 13
\BOOKMARK [1][-]{section.1.2}{1.2 Objective of the thesis}{chapter.1}% 14
\BOOKMARK [1][-]{section.1.3}{1.3 Contribution of the thesis}{chapter.1}% 15
\BOOKMARK [1][-]{section.1.4}{1.4 Organization of the thesis}{chapter.1}% 16
\BOOKMARK [0][-]{chapter.2}{2 Literature Review}{}% 17
\BOOKMARK [0][-]{chapter.3}{3 First Contribution}{}% 18
\BOOKMARK [0][-]{chapter.4}{4 Second Contribution}{}% 19
\BOOKMARK [0][-]{chapter.5}{5 Conclusion}{}% 20
\BOOKMARK [0][-]{section*.9}{Bibliography}{}% 21
\BOOKMARK [0][-]{section*.11}{Author's Biography}{}% 22
